2019-04-26 03:05:29 +0000  Initial pipeline context: <IDEDistributionProcessingPipelineContext: 0x7f929a825440; archive(resolved)='<IDEArchive: 0x7f929a6bf0e0>', distributionTask(resolved)='2', distributionDestination(resolved)='1', distributionMethod(resolved)='<IDEDistributionMethodiOSAppStoreDistribution: 0x7f9297ca43e0>', team(resolved)='<IDEProvisioningDisambiguatableBasicTeam: 0x7f92ad56d660; teamID='W8Z784DU27', teamName='LI Yun', teamType='Individual', username='pinmanot44964@163.com', isFreeProvisioningTeam='0'>'>
	Chain (12, self inclusive):
	<IDEDistributionProcessingPipelineContext: 0x7f929a825440; archive = '<IDEArchive: 0x7f929a6bf0e0>', distributionMethod='<IDEDistributionMethodiOSAppStoreDistribution: 0x7f9297ca43e0>', team='<IDEProvisioningDisambiguatableBasicTeam: 0x7f92ad56d660; teamID='W8Z784DU27', teamName='LI Yun', teamType='Individual', username='pinmanot44964@163.com', isFreeProvisioningTeam='0'>'>
	<IDEDistributionProcessingPipelineContext: 0x7f929a83f900; archive = '<IDEArchive: 0x7f929a6bf0e0>', distributionMethod='<IDEDistributionMethodiOSAppStoreDistribution: 0x7f9297ca43e0>', team='<IDEProvisioningDisambiguatableBasicTeam: 0x7f92ad56d660; teamID='W8Z784DU27', teamName='LI Yun', teamType='Individual', username='pinmanot44964@163.com', isFreeProvisioningTeam='0'>'>
	<IDEDistributionContext: 0x7f92996baa00; archive = '<IDEArchive: 0x7f929a6bf0e0>', distributionMethod='<IDEDistributionMethodiOSAppStoreDistribution: 0x7f9297ca43e0>', team='<IDEProvisioningDisambiguatableBasicTeam: 0x7f92ad56d660; teamID='W8Z784DU27', teamName='LI Yun', teamType='Individual', username='pinmanot44964@163.com', isFreeProvisioningTeam='0'>'>
	<IDEDistributionContext: 0x7f9299b1beb0; archive = '<IDEArchive: 0x7f929a6bf0e0>', distributionMethod='<IDEDistributionMethodiOSAppStoreDistribution: 0x7f9297ca43e0>', team='<IDEProvisioningDisambiguatableBasicTeam: 0x7f92ad56d660; teamID='W8Z784DU27', teamName='LI Yun', teamType='Individual', username='pinmanot44964@163.com', isFreeProvisioningTeam='0'>'>
	<IDEDistributionContext: 0x7f9295dc9470; archive = '<IDEArchive: 0x7f929a6bf0e0>', distributionMethod='<IDEDistributionMethodiOSAppStoreDistribution: 0x7f9297ca43e0>', team='<IDEProvisioningDisambiguatableBasicTeam: 0x7f92ad56d660; teamID='W8Z784DU27', teamName='LI Yun', teamType='Individual', username='pinmanot44964@163.com', isFreeProvisioningTeam='0'>'>
	<IDEDistributionContext: 0x7f9297b8fde0; archive = '<IDEArchive: 0x7f929a6bf0e0>', distributionMethod='<IDEDistributionMethodiOSAppStoreDistribution: 0x7f9297ca43e0>', team='<IDEProvisioningDisambiguatableBasicTeam: 0x7f92ad56d660; teamID='W8Z784DU27', teamName='LI Yun', teamType='Individual', username='pinmanot44964@163.com', isFreeProvisioningTeam='0'>'>
	<IDEDistributionContext: 0x7f929906c790; archive = '<IDEArchive: 0x7f929a6bf0e0>', distributionMethod='<IDEDistributionMethodiOSAppStoreDistribution: 0x7f9297ca43e0>', team='<IDEProvisioningDisambiguatableBasicTeam: 0x7f92ad56d660; teamID='W8Z784DU27', teamName='LI Yun', teamType='Individual', username='pinmanot44964@163.com', isFreeProvisioningTeam='0'>'>
	<IDEDistributionContext: 0x7f9297e85fe0; archive = '<IDEArchive: 0x7f929a6bf0e0>', distributionMethod='<IDEDistributionMethodiOSAppStoreDistribution: 0x7f9297ca43e0>', team='<IDEProvisioningDisambiguatableBasicTeam: 0x7f92ad56d660; teamID='W8Z784DU27', teamName='LI Yun', teamType='Individual', username='pinmanot44964@163.com', isFreeProvisioningTeam='0'>'>
	<IDEDistributionContext: 0x7f9299666560; archive = '<IDEArchive: 0x7f929a6bf0e0>', distributionMethod='<IDEDistributionMethodiOSAppStoreDistribution: 0x7f9297ca43e0>', team='<IDEProvisioningDisambiguatableBasicTeam: 0x7f92ad56d660; teamID='W8Z784DU27', teamName='LI Yun', teamType='Individual', username='pinmanot44964@163.com', isFreeProvisioningTeam='0'>'>
	<IDEDistributionContext: 0x7f9299d209a0; archive = '<IDEArchive: 0x7f929a6bf0e0>', distributionMethod='<IDEDistributionMethodiOSAppStoreDistribution: 0x7f9297ca43e0>', team='(null)'>
	<IDEDistributionContext: 0x7f929a811ae0; archive = '<IDEArchive: 0x7f929a6bf0e0>', distributionMethod='<IDEDistributionMethodiOSAppStoreDistribution: 0x7f9297ca43e0>', team='(null)'>
	<IDEDistributionContext: 0x7f92ad13e140; archive = '<IDEArchive: 0x7f929a6bf0e0>', distributionMethod='(null)', team='(null)'>
</IDEDistributionProcessingPipelineContext: 0x7f929a825440>
2019-04-26 03:05:29 +0000  Processing step: IDEDistributionCreateDestRootStep
2019-04-26 03:05:29 +0000  Processing step: IDEDistributionCopyItemStep
2019-04-26 03:05:29 +0000  Running /usr/bin/ditto '-V' '/Users/md212/Library/Developer/Xcode/Archives/2019-04-26/sudoku 2019-4-26 上午11.05.xcarchive/Products/Applications/sudoku.app' '/var/folders/tc/514r2fss7_xfnqm5cxr2zgg40000gn/T/XcodeDistPipeline.xK0/Root/Payload/sudoku.app'
2019-04-26 03:05:29 +0000  >>> Copying /Users/md212/Library/Developer/Xcode/Archives/2019-04-26/sudoku 2019-4-26 上午11.05.xcarchive/Products/Applications/sudoku.app 
2019-04-26 03:05:29 +0000  copying file ./_CodeSignature/CodeResources ... 
2019-04-26 03:05:29 +0000  12737 bytes for ./_CodeSignature/CodeResources
2019-04-26 03:05:29 +0000  copying file ./LaunchImage-1100-Portrait-2436h@3x.png ... 
2019-04-26 03:05:29 +0000  111692 bytes for ./LaunchImage-1100-Portrait-2436h@3x.png
copying file ./AppIcon20x20@2x.png ... 
2019-04-26 03:05:29 +0000  1681 bytes for ./AppIcon20x20@2x.png
2019-04-26 03:05:29 +0000  copying file ./AppIcon20x20@3x.png ... 
2019-04-26 03:05:29 +0000  1809 bytes for ./AppIcon20x20@3x.png
2019-04-26 03:05:29 +0000  copying file ./advertisement.png ... 
2019-04-26 03:05:29 +0000  73630 bytes for ./advertisement.png
copying file ./AppIcon60x60@2x.png ... 
2019-04-26 03:05:29 +0000  3549 bytes for ./AppIcon60x60@2x.png
copying file ./AppIcon29x29@2x.png ... 
2019-04-26 03:05:29 +0000  1773 bytes for ./AppIcon29x29@2x.png
2019-04-26 03:05:29 +0000  copying file ./bgMusic.MP3 ... 
2019-04-26 03:05:29 +0000  4126334 bytes for ./bgMusic.MP3
copying file ./sel.m4a ... 
2019-04-26 03:05:29 +0000  15851 bytes for ./sel.m4a
copying file ./LaunchImage-800-667h@2x.png ... 
76865 bytes for ./LaunchImage-800-667h@2x.png
copying file ./AppIcon40x40@3x.png ... 
3549 bytes for ./AppIcon40x40@3x.png
copying file ./AppIcon40x40@2x.png ... 
2455 bytes for ./AppIcon40x40@2x.png
copying file ./AVOSCloud_Art.inc ... 
2019-04-26 03:05:29 +0000  2191 bytes for ./AVOSCloud_Art.inc
copying file ./LaunchImage-1200-Portrait-2688h@3x.png ... 
133212 bytes for ./LaunchImage-1200-Portrait-2688h@3x.png
copying file ./AppIcon29x29@3x.png ... 
2019-04-26 03:05:29 +0000  2676 bytes for ./AppIcon29x29@3x.png
2019-04-26 03:05:29 +0000  copying file ./UMCommonLog.bundle/zh-Hans.lproj/UMPushLog.strings ... 
2019-04-26 03:05:29 +0000  3291 bytes for ./UMCommonLog.bundle/zh-Hans.lproj/UMPushLog.strings
2019-04-26 03:05:29 +0000  copying file ./UMCommonLog.bundle/zh-Hans.lproj/UMCommonLog.strings ... 
2019-04-26 03:05:29 +0000  4528 bytes for ./UMCommonLog.bundle/zh-Hans.lproj/UMCommonLog.strings
2019-04-26 03:05:29 +0000  copying file ./UMCommonLog.bundle/zh-Hans.lproj/UMAnalyticsLog.strings ... 
2019-04-26 03:05:29 +0000  11555 bytes for ./UMCommonLog.bundle/zh-Hans.lproj/UMAnalyticsLog.strings
2019-04-26 03:05:29 +0000  copying file ./UMCommonLog.bundle/zh-Hans.lproj/UMSocialPromptLocalizable.strings ... 
2019-04-26 03:05:29 +0000  13717 bytes for ./UMCommonLog.bundle/zh-Hans.lproj/UMSocialPromptLocalizable.strings
2019-04-26 03:05:29 +0000  copying file ./UMCommonLog.bundle/en.lproj/UMPushLog.strings ... 
2019-04-26 03:05:29 +0000  3291 bytes for ./UMCommonLog.bundle/en.lproj/UMPushLog.strings
copying file ./UMCommonLog.bundle/en.lproj/UMCommonLog.strings ... 
2019-04-26 03:05:29 +0000  4531 bytes for ./UMCommonLog.bundle/en.lproj/UMCommonLog.strings
2019-04-26 03:05:29 +0000  copying file ./UMCommonLog.bundle/en.lproj/UMAnalyticsLog.strings ... 
2019-04-26 03:05:29 +0000  14454 bytes for ./UMCommonLog.bundle/en.lproj/UMAnalyticsLog.strings
2019-04-26 03:05:29 +0000  copying file ./UMCommonLog.bundle/en.lproj/UMSocialPromptLocalizable.strings ... 
2019-04-26 03:05:29 +0000  13717 bytes for ./UMCommonLog.bundle/en.lproj/UMSocialPromptLocalizable.strings
2019-04-26 03:05:29 +0000  copying file ./SDHomeVC.nib/objects-11.0+.nib ... 
2019-04-26 03:05:29 +0000  6251 bytes for ./SDHomeVC.nib/objects-11.0+.nib
2019-04-26 03:05:29 +0000  copying file ./SDHomeVC.nib/runtime.nib ... 
2019-04-26 03:05:29 +0000  5595 bytes for ./SDHomeVC.nib/runtime.nib
2019-04-26 03:05:29 +0000  copying file ./AppIcon60x60@3x.png ... 
2019-04-26 03:05:29 +0000  5421 bytes for ./AppIcon60x60@3x.png
copying file ./Base.lproj/LaunchScreen.nib ... 
1579 bytes for ./Base.lproj/LaunchScreen.nib
copying file ./sudoku ... 
2019-04-26 03:05:29 +0000  2572720 bytes for ./sudoku
copying file ./Assets.car ... 
2019-04-26 03:05:29 +0000  3725480 bytes for ./Assets.car
2019-04-26 03:05:29 +0000  copying file ./LaunchImage-800-Portrait-736h@3x.png ... 
115816 bytes for ./LaunchImage-800-Portrait-736h@3x.png
copying file ./LaunchImage-1200-Portrait-1792h@2x.png ... 
72853 bytes for ./LaunchImage-1200-Portrait-1792h@2x.png
copying file ./embedded.mobileprovision ... 
13658 bytes for ./embedded.mobileprovision
copying file ./Info.plist ... 
1570 bytes for ./Info.plist
copying file ./PkgInfo ... 
8 bytes for ./PkgInfo
2019-04-26 03:05:29 +0000  /usr/bin/ditto exited with 0
2019-04-26 03:05:29 +0000  Processing step: IDEDistributionEmbedProfileStep
2019-04-26 03:05:29 +0000  Processing step: IDEDistributionItemRemovalStep
2019-04-26 03:05:29 +0000  Processing step: IDEDistributionAppThinningPlistStep
2019-04-26 03:05:29 +0000  Skipping step: IDEDistributionAppThinningPlistStep because it said so
2019-04-26 03:05:29 +0000  Processing step: IDEDistributionCompileBitcodeStep
2019-04-26 03:05:29 +0000  Skipping step: IDEDistributionCompileBitcodeStep because it said so
2019-04-26 03:05:29 +0000  Processing step: IDEDistributionCodeSlimmingStep
2019-04-26 03:05:29 +0000  Processing step: IDEDistributionCopyBCSymbolMapsStep
2019-04-26 03:05:29 +0000  Processing step: IDEDistributionSymbolsStep
2019-04-26 03:05:29 +0000  Processing symbols for sudoku.app
2019-04-26 03:05:29 +0000  Running /usr/bin/rsync '-8aPhhE' '/var/folders/tc/514r2fss7_xfnqm5cxr2zgg40000gn/T/XcodeDistPipeline.xK0/Root/Payload/sudoku.app' '--link-dest' '/var/folders/tc/514r2fss7_xfnqm5cxr2zgg40000gn/T/XcodeDistPipeline.xK0/Root/Payload' '/var/folders/tc/514r2fss7_xfnqm5cxr2zgg40000gn/T/XcodeDistPipeline.xK0'
2019-04-26 03:05:29 +0000  building file list ... 
2019-04-26 03:05:29 +0000   0 files...2019-04-26 03:05:29 +0000  41 files to consider
2019-04-26 03:05:29 +0000  sudoku.app/
2019-04-26 03:05:29 +0000  sudoku.app/Base.lproj/
2019-04-26 03:05:29 +0000  sudoku.app/SDHomeVC.nib/
sudoku.app/UMCommonLog.bundle/
sudoku.app/UMCommonLog.bundle/en.lproj/
sudoku.app/UMCommonLog.bundle/zh-Hans.lproj/
sudoku.app/_CodeSignature/
2019-04-26 03:05:29 +0000  
sent 1.30K bytes  received 62 bytes  2.71K bytes/sec
total size is 10.64M  speedup is 8025.84
2019-04-26 03:05:29 +0000  /usr/bin/rsync exited with 0
2019-04-26 03:05:29 +0000  Running /usr/bin/rsync '-8aPhhE' '/Users/md212/Library/Developer/Xcode/Archives/2019-04-26/sudoku 2019-4-26 上午11.05.xcarchive/dSYMs/' '--link-dest' '/Users/md212/Library/Developer/Xcode/Archives/2019-04-26/sudoku 2019-4-26 上午11.05.xcarchive/dSYMs/' '/var/folders/tc/514r2fss7_xfnqm5cxr2zgg40000gn/T/XcodeDistPipeline.xK0'
2019-04-26 03:05:29 +0000  building file list ... 
2019-04-26 03:05:29 +0000   0 files...2019-04-26 03:05:29 +0000  7 files to consider
2019-04-26 03:05:29 +0000  ./
2019-04-26 03:05:29 +0000  sudoku.app.dSYM/
2019-04-26 03:05:29 +0000  sudoku.app.dSYM/Contents/
sudoku.app.dSYM/Contents/Resources/
sudoku.app.dSYM/Contents/Resources/DWARF/
2019-04-26 03:05:29 +0000  
2019-04-26 03:05:29 +0000  sent 236 bytes  received 50 bytes  572.00 bytes/sec
total size is 4.96M  speedup is 18179.31
2019-04-26 03:05:29 +0000  /usr/bin/rsync exited with 0
2019-04-26 03:05:29 +0000  Running /Applications/Xcode.app/Contents/Developer/usr/bin/symbols '-noTextInSOD' '-noDaemon' '-arch' 'all' '-symbolsPackageDir' '/var/folders/tc/514r2fss7_xfnqm5cxr2zgg40000gn/T/XcodeDistPipeline.xK0/Symbols' '/var/folders/tc/514r2fss7_xfnqm5cxr2zgg40000gn/T/XcodeDistPipeline.xK0/sudoku.app.dSYM/Contents/Resources/Dwarf/sudoku'
2019-04-26 03:05:29 +0000  /var/folders/tc/514r2fss7_xfnqm5cxr2zgg40000gn/T/XcodeDistPipeline.xK0/sudoku.app.dSYM/Contents/Resources/Dwarf/sudoku [arm64, 0.155072 seconds]:
2019-04-26 03:05:29 +0000  /Applications/Xcode.app/Contents/Developer/usr/bin/symbols exited with 0
2019-04-26 03:05:29 +0000  Processing step: IDEDistributionCopyAppleProvidedContentStep
2019-04-26 03:05:29 +0000  Processing step: IDEDistributionAppThinningStep
2019-04-26 03:05:29 +0000  Skipping step: IDEDistributionAppThinningStep because it said so
2019-04-26 03:05:29 +0000  Processing step: IDEDistributionArchThinningStep
2019-04-26 03:05:29 +0000  Running /Applications/Xcode.app/Contents/Developer/Toolchains/XcodeDefault.xctoolchain/usr/bin/lipo '/var/folders/tc/514r2fss7_xfnqm5cxr2zgg40000gn/T/XcodeDistPipeline.xK0/Root/Payload/sudoku.app/sudoku' '-verify_arch' 'arm64e'
2019-04-26 03:05:29 +0000  /Applications/Xcode.app/Contents/Developer/Toolchains/XcodeDefault.xctoolchain/usr/bin/lipo exited with 1
2019-04-26 03:05:29 +0000  Skipping architecture thinning for item "sudoku" because arch "arm64e" wasn't found
2019-04-26 03:05:29 +0000  Processing step: IDEDistributionODRStep
2019-04-26 03:05:29 +0000  Processing step: IDEDistributionStripXattrsStep
2019-04-26 03:05:29 +0000  Running /usr/bin/xattr '-crs' '/var/folders/tc/514r2fss7_xfnqm5cxr2zgg40000gn/T/XcodeDistPipeline.xK0/Root/Payload/sudoku.app'
2019-04-26 03:05:30 +0000  /usr/bin/xattr exited with 0
2019-04-26 03:05:30 +0000  Processing step: IDEDistributionCodesignStep
2019-04-26 03:05:30 +0000  Entitlements for <IDEDistributionItem: 0x7f929a726b50 'com.sudokuGame.App' '<DVTFilePath:0x7f929a723b70:'/Users/md212/Library/Developer/Xcode/Archives/2019-04-26/sudoku 2019-4-26 上午11.05.xcarchive/Products/Applications/sudoku.app'>'>: {
    "application-identifier" = "W8Z784DU27.com.sudokuGame.App";
    "aps-environment" = production;
    "beta-reports-active" = 1;
    "com.apple.developer.team-identifier" = W8Z784DU27;
    "get-task-allow" = 0;
}
2019-04-26 03:05:30 +0000  Writing entitlements for <IDEDistributionItem: 0x7f929a726b50 'com.sudokuGame.App' '<DVTFilePath:0x7f929a723b70:'/Users/md212/Library/Developer/Xcode/Archives/2019-04-26/sudoku 2019-4-26 上午11.05.xcarchive/Products/Applications/sudoku.app'>'> to: /var/folders/tc/514r2fss7_xfnqm5cxr2zgg40000gn/T/XcodeDistPipeline.xK0/entitlementshIsQY2
2019-04-26 03:05:30 +0000  Running /usr/bin/codesign '-vvv' '--force' '--sign' 'B26505621867E5C9D0CD97ED2C9601604EF31563' '--entitlements' '/var/folders/tc/514r2fss7_xfnqm5cxr2zgg40000gn/T/XcodeDistPipeline.xK0/entitlementshIsQY2' '--preserve-metadata=identifier,flags,runtime' '/var/folders/tc/514r2fss7_xfnqm5cxr2zgg40000gn/T/XcodeDistPipeline.xK0/Root/Payload/sudoku.app'
2019-04-26 03:05:30 +0000  /var/folders/tc/514r2fss7_xfnqm5cxr2zgg40000gn/T/XcodeDistPipeline.xK0/Root/Payload/sudoku.app: replacing existing signature
2019-04-26 03:05:30 +0000  /var/folders/tc/514r2fss7_xfnqm5cxr2zgg40000gn/T/XcodeDistPipeline.xK0/Root/Payload/sudoku.app: signed app bundle with Mach-O thin (arm64) [com.sudokuGame.App]
2019-04-26 03:05:30 +0000  /usr/bin/codesign exited with 0
2019-04-26 03:05:30 +0000  Processing step: IDEDistributionZipODRItemStep
2019-04-26 03:05:30 +0000  Skipping step: IDEDistributionZipODRItemStep because it said so
2019-04-26 03:05:30 +0000  Processing step: IDEDistributionCreateIPAStep
2019-04-26 03:05:30 +0000  Running /usr/bin/rsync '-8aPhhE' '/var/folders/tc/514r2fss7_xfnqm5cxr2zgg40000gn/T/XcodeDistPipeline.xK0/Symbols' '--link-dest' '/var/folders/tc/514r2fss7_xfnqm5cxr2zgg40000gn/T/XcodeDistPipeline.xK0' '/var/folders/tc/514r2fss7_xfnqm5cxr2zgg40000gn/T/XcodeDistPipeline.xK0/Root'
2019-04-26 03:05:30 +0000  building file list ... 
2019-04-26 03:05:30 +0000   0 files...2019-04-26 03:05:30 +0000  2 files to consider
2019-04-26 03:05:30 +0000  Symbols/
2019-04-26 03:05:30 +0000  
sent 142 bytes  received 26 bytes  336.00 bytes/sec
total size is 360  speedup is 2.14
2019-04-26 03:05:30 +0000  /usr/bin/rsync exited with 0
2019-04-26 03:05:30 +0000  Running /usr/bin/ditto '-V' '-c' '-k' '--norsrc' '/var/folders/tc/514r2fss7_xfnqm5cxr2zgg40000gn/T/XcodeDistPipeline.xK0/Root' '/var/folders/tc/514r2fss7_xfnqm5cxr2zgg40000gn/T/XcodeDistPipeline.xK0/Packages/sudoku.ipa'
2019-04-26 03:05:30 +0000  >>> Copying /var/folders/tc/514r2fss7_xfnqm5cxr2zgg40000gn/T/XcodeDistPipeline.xK0/Root 
2019-04-26 03:05:30 +0000  copying file ./Payload/sudoku.app/_CodeSignature/CodeResources ... 
2019-04-26 03:05:30 +0000  12737 bytes for ./Payload/sudoku.app/_CodeSignature/CodeResources
2019-04-26 03:05:30 +0000  copying file ./Payload/sudoku.app/LaunchImage-1100-Portrait-2436h@3x.png ... 
2019-04-26 03:05:30 +0000  111692 bytes for ./Payload/sudoku.app/LaunchImage-1100-Portrait-2436h@3x.png
copying file ./Payload/sudoku.app/AppIcon20x20@2x.png ... 
2019-04-26 03:05:30 +0000  1681 bytes for ./Payload/sudoku.app/AppIcon20x20@2x.png
2019-04-26 03:05:30 +0000  copying file ./Payload/sudoku.app/AppIcon20x20@3x.png ... 
2019-04-26 03:05:30 +0000  1809 bytes for ./Payload/sudoku.app/AppIcon20x20@3x.png
copying file ./Payload/sudoku.app/advertisement.png ... 
2019-04-26 03:05:30 +0000  73630 bytes for ./Payload/sudoku.app/advertisement.png
2019-04-26 03:05:30 +0000  copying file ./Payload/sudoku.app/AppIcon60x60@2x.png ... 
2019-04-26 03:05:30 +0000  3549 bytes for ./Payload/sudoku.app/AppIcon60x60@2x.png
copying file ./Payload/sudoku.app/AppIcon29x29@2x.png ... 
2019-04-26 03:05:30 +0000  1773 bytes for ./Payload/sudoku.app/AppIcon29x29@2x.png
2019-04-26 03:05:30 +0000  copying file ./Payload/sudoku.app/bgMusic.MP3 ... 
2019-04-26 03:05:30 +0000  4126334 bytes for ./Payload/sudoku.app/bgMusic.MP3
2019-04-26 03:05:30 +0000  copying file ./Payload/sudoku.app/sel.m4a ... 
15851 bytes for ./Payload/sudoku.app/sel.m4a
copying file ./Payload/sudoku.app/LaunchImage-800-667h@2x.png ... 
2019-04-26 03:05:30 +0000  76865 bytes for ./Payload/sudoku.app/LaunchImage-800-667h@2x.png
copying file ./Payload/sudoku.app/AppIcon40x40@3x.png ... 
2019-04-26 03:05:30 +0000  3549 bytes for ./Payload/sudoku.app/AppIcon40x40@3x.png
2019-04-26 03:05:30 +0000  copying file ./Payload/sudoku.app/AppIcon40x40@2x.png ... 
2019-04-26 03:05:30 +0000  2455 bytes for ./Payload/sudoku.app/AppIcon40x40@2x.png
copying file ./Payload/sudoku.app/AVOSCloud_Art.inc ... 
2019-04-26 03:05:30 +0000  2191 bytes for ./Payload/sudoku.app/AVOSCloud_Art.inc
copying file ./Payload/sudoku.app/LaunchImage-1200-Portrait-2688h@3x.png ... 
2019-04-26 03:05:30 +0000  133212 bytes for ./Payload/sudoku.app/LaunchImage-1200-Portrait-2688h@3x.png
2019-04-26 03:05:30 +0000  copying file ./Payload/sudoku.app/AppIcon29x29@3x.png ... 
2019-04-26 03:05:30 +0000  2676 bytes for ./Payload/sudoku.app/AppIcon29x29@3x.png
2019-04-26 03:05:30 +0000  copying file ./Payload/sudoku.app/UMCommonLog.bundle/zh-Hans.lproj/UMPushLog.strings ... 
2019-04-26 03:05:30 +0000  3291 bytes for ./Payload/sudoku.app/UMCommonLog.bundle/zh-Hans.lproj/UMPushLog.strings
2019-04-26 03:05:30 +0000  copying file ./Payload/sudoku.app/UMCommonLog.bundle/zh-Hans.lproj/UMCommonLog.strings ... 
2019-04-26 03:05:30 +0000  4528 bytes for ./Payload/sudoku.app/UMCommonLog.bundle/zh-Hans.lproj/UMCommonLog.strings
copying file ./Payload/sudoku.app/UMCommonLog.bundle/zh-Hans.lproj/UMAnalyticsLog.strings ... 
2019-04-26 03:05:30 +0000  11555 bytes for ./Payload/sudoku.app/UMCommonLog.bundle/zh-Hans.lproj/UMAnalyticsLog.strings
2019-04-26 03:05:30 +0000  copying file ./Payload/sudoku.app/UMCommonLog.bundle/zh-Hans.lproj/UMSocialPromptLocalizable.strings ... 
2019-04-26 03:05:30 +0000  13717 bytes for ./Payload/sudoku.app/UMCommonLog.bundle/zh-Hans.lproj/UMSocialPromptLocalizable.strings
2019-04-26 03:05:30 +0000  copying file ./Payload/sudoku.app/UMCommonLog.bundle/en.lproj/UMPushLog.strings ... 
2019-04-26 03:05:30 +0000  3291 bytes for ./Payload/sudoku.app/UMCommonLog.bundle/en.lproj/UMPushLog.strings
2019-04-26 03:05:30 +0000  copying file ./Payload/sudoku.app/UMCommonLog.bundle/en.lproj/UMCommonLog.strings ... 
2019-04-26 03:05:30 +0000  4531 bytes for ./Payload/sudoku.app/UMCommonLog.bundle/en.lproj/UMCommonLog.strings
copying file ./Payload/sudoku.app/UMCommonLog.bundle/en.lproj/UMAnalyticsLog.strings ... 
2019-04-26 03:05:30 +0000  14454 bytes for ./Payload/sudoku.app/UMCommonLog.bundle/en.lproj/UMAnalyticsLog.strings
2019-04-26 03:05:30 +0000  copying file ./Payload/sudoku.app/UMCommonLog.bundle/en.lproj/UMSocialPromptLocalizable.strings ... 
2019-04-26 03:05:30 +0000  13717 bytes for ./Payload/sudoku.app/UMCommonLog.bundle/en.lproj/UMSocialPromptLocalizable.strings
2019-04-26 03:05:30 +0000  copying file ./Payload/sudoku.app/SDHomeVC.nib/objects-11.0+.nib ... 
2019-04-26 03:05:30 +0000  6251 bytes for ./Payload/sudoku.app/SDHomeVC.nib/objects-11.0+.nib
2019-04-26 03:05:30 +0000  copying file ./Payload/sudoku.app/SDHomeVC.nib/runtime.nib ... 
2019-04-26 03:05:30 +0000  5595 bytes for ./Payload/sudoku.app/SDHomeVC.nib/runtime.nib
2019-04-26 03:05:30 +0000  copying file ./Payload/sudoku.app/AppIcon60x60@3x.png ... 
2019-04-26 03:05:30 +0000  5421 bytes for ./Payload/sudoku.app/AppIcon60x60@3x.png
2019-04-26 03:05:30 +0000  copying file ./Payload/sudoku.app/Base.lproj/LaunchScreen.nib ... 
2019-04-26 03:05:30 +0000  1579 bytes for ./Payload/sudoku.app/Base.lproj/LaunchScreen.nib
copying file ./Payload/sudoku.app/sudoku ... 
2019-04-26 03:05:30 +0000  2572752 bytes for ./Payload/sudoku.app/sudoku
copying file ./Payload/sudoku.app/Assets.car ... 
2019-04-26 03:05:31 +0000  3725480 bytes for ./Payload/sudoku.app/Assets.car
copying file ./Payload/sudoku.app/LaunchImage-800-Portrait-736h@3x.png ... 
2019-04-26 03:05:31 +0000  115816 bytes for ./Payload/sudoku.app/LaunchImage-800-Portrait-736h@3x.png
2019-04-26 03:05:31 +0000  copying file ./Payload/sudoku.app/LaunchImage-1200-Portrait-1792h@2x.png ... 
2019-04-26 03:05:31 +0000  72853 bytes for ./Payload/sudoku.app/LaunchImage-1200-Portrait-1792h@2x.png
2019-04-26 03:05:31 +0000  copying file ./Payload/sudoku.app/embedded.mobileprovision ... 
2019-04-26 03:05:31 +0000  9533 bytes for ./Payload/sudoku.app/embedded.mobileprovision
copying file ./Payload/sudoku.app/Info.plist ... 
2019-04-26 03:05:31 +0000  1570 bytes for ./Payload/sudoku.app/Info.plist
copying file ./Payload/sudoku.app/PkgInfo ... 
2019-04-26 03:05:31 +0000  8 bytes for ./Payload/sudoku.app/PkgInfo
2019-04-26 03:05:31 +0000  copying file ./Symbols/4BAE1DEA-00C6-3C70-8421-00B3D90953BC.symbols ... 
2019-04-26 03:05:31 +0000  360 bytes for ./Symbols/4BAE1DEA-00C6-3C70-8421-00B3D90953BC.symbols
2019-04-26 03:05:31 +0000  /usr/bin/ditto exited with 0
2019-04-26 03:05:31 +0000  Processing step: IDEDistributionAppStoreInformationStep
2019-04-26 03:05:31 +0000  Skipping step: IDEDistributionAppStoreInformationStep because it said so
2019-04-26 03:05:31 +0000  Processing step: IDEDistributionCreateManifestStep
2019-04-26 03:05:31 +0000  Skipping step: IDEDistributionCreateManifestStep because it said so
