2019-04-24 05:05:07 +0000  Initial pipeline context: <IDEDistributionProcessingPipelineContext: 0x7fbeef7db170; archive(resolved)='<IDEArchive: 0x7fbef2b16b50>', distributionTask(resolved)='2', distributionDestination(resolved)='1', distributionMethod(resolved)='<IDEDistributionMethodiOSAppStoreDistribution: 0x7fbeeb0562f0>', team(resolved)='<IDEProvisioningDisambiguatableBasicTeam: 0x7fbf07df8080; teamID='94L4N4CMU8', teamName='Xue Lin', teamType='Individual', username='niaos9877@163.com', isFreeProvisioningTeam='0'>'>
	Chain (12, self inclusive):
	<IDEDistributionProcessingPipelineContext: 0x7fbeef7db170; archive = '<IDEArchive: 0x7fbef2b16b50>', distributionMethod='<IDEDistributionMethodiOSAppStoreDistribution: 0x7fbeeb0562f0>', team='<IDEProvisioningDisambiguatableBasicTeam: 0x7fbf07df8080; teamID='94L4N4CMU8', teamName='Xue Lin', teamType='Individual', username='niaos9877@163.com', isFreeProvisioningTeam='0'>'>
	<IDEDistributionProcessingPipelineContext: 0x7fbef2f3f980; archive = '<IDEArchive: 0x7fbef2b16b50>', distributionMethod='<IDEDistributionMethodiOSAppStoreDistribution: 0x7fbeeb0562f0>', team='<IDEProvisioningDisambiguatableBasicTeam: 0x7fbf07df8080; teamID='94L4N4CMU8', teamName='Xue Lin', teamType='Individual', username='niaos9877@163.com', isFreeProvisioningTeam='0'>'>
	<IDEDistributionContext: 0x7fbef2a8cc40; archive = '<IDEArchive: 0x7fbef2b16b50>', distributionMethod='<IDEDistributionMethodiOSAppStoreDistribution: 0x7fbeeb0562f0>', team='<IDEProvisioningDisambiguatableBasicTeam: 0x7fbf07df8080; teamID='94L4N4CMU8', teamName='Xue Lin', teamType='Individual', username='niaos9877@163.com', isFreeProvisioningTeam='0'>'>
	<IDEDistributionContext: 0x7fbeede8bf30; archive = '<IDEArchive: 0x7fbef2b16b50>', distributionMethod='<IDEDistributionMethodiOSAppStoreDistribution: 0x7fbeeb0562f0>', team='<IDEProvisioningDisambiguatableBasicTeam: 0x7fbf07df8080; teamID='94L4N4CMU8', teamName='Xue Lin', teamType='Individual', username='niaos9877@163.com', isFreeProvisioningTeam='0'>'>
	<IDEDistributionContext: 0x7fbef2d307d0; archive = '<IDEArchive: 0x7fbef2b16b50>', distributionMethod='<IDEDistributionMethodiOSAppStoreDistribution: 0x7fbeeb0562f0>', team='<IDEProvisioningDisambiguatableBasicTeam: 0x7fbf07df8080; teamID='94L4N4CMU8', teamName='Xue Lin', teamType='Individual', username='niaos9877@163.com', isFreeProvisioningTeam='0'>'>
	<IDEDistributionContext: 0x7fbeede298a0; archive = '<IDEArchive: 0x7fbef2b16b50>', distributionMethod='<IDEDistributionMethodiOSAppStoreDistribution: 0x7fbeeb0562f0>', team='<IDEProvisioningDisambiguatableBasicTeam: 0x7fbf07df8080; teamID='94L4N4CMU8', teamName='Xue Lin', teamType='Individual', username='niaos9877@163.com', isFreeProvisioningTeam='0'>'>
	<IDEDistributionContext: 0x7fbf01d48660; archive = '<IDEArchive: 0x7fbef2b16b50>', distributionMethod='<IDEDistributionMethodiOSAppStoreDistribution: 0x7fbeeb0562f0>', team='<IDEProvisioningDisambiguatableBasicTeam: 0x7fbf07df8080; teamID='94L4N4CMU8', teamName='Xue Lin', teamType='Individual', username='niaos9877@163.com', isFreeProvisioningTeam='0'>'>
	<IDEDistributionContext: 0x7fbef0d18860; archive = '<IDEArchive: 0x7fbef2b16b50>', distributionMethod='<IDEDistributionMethodiOSAppStoreDistribution: 0x7fbeeb0562f0>', team='<IDEProvisioningDisambiguatableBasicTeam: 0x7fbf07df8080; teamID='94L4N4CMU8', teamName='Xue Lin', teamType='Individual', username='niaos9877@163.com', isFreeProvisioningTeam='0'>'>
	<IDEDistributionContext: 0x7fbef2d0fd00; archive = '<IDEArchive: 0x7fbef2b16b50>', distributionMethod='<IDEDistributionMethodiOSAppStoreDistribution: 0x7fbeeb0562f0>', team='<IDEProvisioningDisambiguatableBasicTeam: 0x7fbf07df8080; teamID='94L4N4CMU8', teamName='Xue Lin', teamType='Individual', username='niaos9877@163.com', isFreeProvisioningTeam='0'>'>
	<IDEDistributionContext: 0x7fbef2d3ed90; archive = '<IDEArchive: 0x7fbef2b16b50>', distributionMethod='<IDEDistributionMethodiOSAppStoreDistribution: 0x7fbeeb0562f0>', team='(null)'>
	<IDEDistributionContext: 0x7fbeef7d6170; archive = '<IDEArchive: 0x7fbef2b16b50>', distributionMethod='<IDEDistributionMethodiOSAppStoreDistribution: 0x7fbeeb0562f0>', team='(null)'>
	<IDEDistributionContext: 0x7fbef2d22750; archive = '<IDEArchive: 0x7fbef2b16b50>', distributionMethod='(null)', team='(null)'>
</IDEDistributionProcessingPipelineContext: 0x7fbeef7db170>
2019-04-24 05:05:07 +0000  Processing step: IDEDistributionCreateDestRootStep
2019-04-24 05:05:07 +0000  Processing step: IDEDistributionCopyItemStep
2019-04-24 05:05:07 +0000  Running /usr/bin/ditto '-V' '/Users/md212/Library/Developer/Xcode/Archives/2019-04-24/HitMouse_Project 2019-4-24 下午1.03.xcarchive/Products/Applications/HitMouse_Project.app' '/var/folders/tc/514r2fss7_xfnqm5cxr2zgg40000gn/T/XcodeDistPipeline.iQp/Root/Payload/HitMouse_Project.app'
2019-04-24 05:05:07 +0000  >>> Copying /Users/md212/Library/Developer/Xcode/Archives/2019-04-24/HitMouse_Project 2019-4-24 下午1.03.xcarchive/Products/Applications/HitMouse_Project.app 
2019-04-24 05:05:07 +0000  
2019-04-24 05:05:07 +0000  copying file ./_CodeSignature/CodeResources ... 
2019-04-24 05:05:07 +0000  16355 bytes for ./_CodeSignature/CodeResources
2019-04-24 05:05:07 +0000  copying file ./LaunchImage-1100-Portrait-2436h@3x.png ... 
2019-04-24 05:05:07 +0000  1848493 bytes for ./LaunchImage-1100-Portrait-2436h@3x.png
2019-04-24 05:05:07 +0000  copying file ./AppIcon20x20@2x.png ... 
2019-04-24 05:05:07 +0000  5041 bytes for ./AppIcon20x20@2x.png
2019-04-24 05:05:07 +0000  copying file ./AppIcon20x20@3x.png ... 
2019-04-24 05:05:07 +0000  10970 bytes for ./AppIcon20x20@3x.png
2019-04-24 05:05:07 +0000  copying file ./AppIcon60x60@2x.png ... 
2019-04-24 05:05:07 +0000  40790 bytes for ./AppIcon60x60@2x.png
2019-04-24 05:05:07 +0000  copying file ./IQKeyboardManager.bundle/IQButtonBarArrowRight@2x.png ... 
2019-04-24 05:05:07 +0000  1786 bytes for ./IQKeyboardManager.bundle/IQButtonBarArrowRight@2x.png
2019-04-24 05:05:07 +0000  copying file ./IQKeyboardManager.bundle/IQButtonBarArrowUp@3x.png ... 
2019-04-24 05:05:07 +0000  2164 bytes for ./IQKeyboardManager.bundle/IQButtonBarArrowUp@3x.png
2019-04-24 05:05:07 +0000  copying file ./IQKeyboardManager.bundle/IQButtonBarArrowUp@2x.png ... 
2019-04-24 05:05:07 +0000  1769 bytes for ./IQKeyboardManager.bundle/IQButtonBarArrowUp@2x.png
2019-04-24 05:05:07 +0000  copying file ./IQKeyboardManager.bundle/IQButtonBarArrowRight@3x.png ... 
2019-04-24 05:05:07 +0000  1844 bytes for ./IQKeyboardManager.bundle/IQButtonBarArrowRight@3x.png
2019-04-24 05:05:07 +0000  copying file ./IQKeyboardManager.bundle/IQButtonBarArrowLeft@3x.png ... 
2019-04-24 05:05:07 +0000  1815 bytes for ./IQKeyboardManager.bundle/IQButtonBarArrowLeft@3x.png
2019-04-24 05:05:07 +0000  copying file ./IQKeyboardManager.bundle/IQButtonBarArrowDown@3x.png ... 
2019-04-24 05:05:07 +0000  2177 bytes for ./IQKeyboardManager.bundle/IQButtonBarArrowDown@3x.png
2019-04-24 05:05:07 +0000  copying file ./IQKeyboardManager.bundle/IQButtonBarArrowDown@2x.png ... 
2019-04-24 05:05:07 +0000  1764 bytes for ./IQKeyboardManager.bundle/IQButtonBarArrowDown@2x.png
2019-04-24 05:05:07 +0000  copying file ./IQKeyboardManager.bundle/IQButtonBarArrowLeft@2x.png ... 
2019-04-24 05:05:07 +0000  1793 bytes for ./IQKeyboardManager.bundle/IQButtonBarArrowLeft@2x.png
2019-04-24 05:05:07 +0000  copying file ./AppIcon29x29@2x.png ... 
2019-04-24 05:05:07 +0000  10326 bytes for ./AppIcon29x29@2x.png
2019-04-24 05:05:07 +0000  copying file ./bgMusic.MP3 ... 
2019-04-24 05:05:07 +0000  4126334 bytes for ./bgMusic.MP3
copying file ./sel.m4a ... 
2019-04-24 05:05:07 +0000  15851 bytes for ./sel.m4a
copying file ./LaunchImage-800-667h@2x.png ... 
2019-04-24 05:05:07 +0000  833311 bytes for ./LaunchImage-800-667h@2x.png
2019-04-24 05:05:07 +0000  copying file ./AppIcon40x40@3x.png ... 
40790 bytes for ./AppIcon40x40@3x.png
copying file ./AppIcon40x40@2x.png ... 
2019-04-24 05:05:07 +0000  19027 bytes for ./AppIcon40x40@2x.png
copying file ./AVOSCloud_Art.inc ... 
2019-04-24 05:05:07 +0000  2191 bytes for ./AVOSCloud_Art.inc
2019-04-24 05:05:07 +0000  copying file ./LaunchImage-1200-Portrait-2688h@3x.png ... 
2019-04-24 05:05:07 +0000  2138100 bytes for ./LaunchImage-1200-Portrait-2688h@3x.png
2019-04-24 05:05:07 +0000  copying file ./AppIcon29x29@3x.png ... 
2019-04-24 05:05:07 +0000  22241 bytes for ./AppIcon29x29@3x.png
2019-04-24 05:05:07 +0000  copying file ./UMCommonLog.bundle/zh-Hans.lproj/UMPushLog.strings ... 
2019-04-24 05:05:07 +0000  3291 bytes for ./UMCommonLog.bundle/zh-Hans.lproj/UMPushLog.strings
2019-04-24 05:05:07 +0000  copying file ./UMCommonLog.bundle/zh-Hans.lproj/UMCommonLog.strings ... 
2019-04-24 05:05:07 +0000  4528 bytes for ./UMCommonLog.bundle/zh-Hans.lproj/UMCommonLog.strings
2019-04-24 05:05:07 +0000  copying file ./UMCommonLog.bundle/zh-Hans.lproj/UMAnalyticsLog.strings ... 
2019-04-24 05:05:07 +0000  11555 bytes for ./UMCommonLog.bundle/zh-Hans.lproj/UMAnalyticsLog.strings
2019-04-24 05:05:07 +0000  copying file ./UMCommonLog.bundle/zh-Hans.lproj/UMSocialPromptLocalizable.strings ... 
2019-04-24 05:05:07 +0000  13717 bytes for ./UMCommonLog.bundle/zh-Hans.lproj/UMSocialPromptLocalizable.strings
2019-04-24 05:05:07 +0000  copying file ./UMCommonLog.bundle/en.lproj/UMPushLog.strings ... 
2019-04-24 05:05:07 +0000  3291 bytes for ./UMCommonLog.bundle/en.lproj/UMPushLog.strings
2019-04-24 05:05:07 +0000  copying file ./UMCommonLog.bundle/en.lproj/UMCommonLog.strings ... 
2019-04-24 05:05:07 +0000  4531 bytes for ./UMCommonLog.bundle/en.lproj/UMCommonLog.strings
2019-04-24 05:05:07 +0000  copying file ./UMCommonLog.bundle/en.lproj/UMAnalyticsLog.strings ... 
2019-04-24 05:05:07 +0000  14454 bytes for ./UMCommonLog.bundle/en.lproj/UMAnalyticsLog.strings
2019-04-24 05:05:07 +0000  copying file ./UMCommonLog.bundle/en.lproj/UMSocialPromptLocalizable.strings ... 
2019-04-24 05:05:07 +0000  13717 bytes for ./UMCommonLog.bundle/en.lproj/UMSocialPromptLocalizable.strings
2019-04-24 05:05:07 +0000  copying file ./AppIcon60x60@3x.png ... 
2019-04-24 05:05:07 +0000  87525 bytes for ./AppIcon60x60@3x.png
2019-04-24 05:05:07 +0000  copying file ./Base.lproj/Main.storyboardc/UIViewController-BYZ-38-t0r.nib/objects-11.0+.nib ... 
2019-04-24 05:05:07 +0000  964 bytes for ./Base.lproj/Main.storyboardc/UIViewController-BYZ-38-t0r.nib/objects-11.0+.nib
2019-04-24 05:05:07 +0000  copying file ./Base.lproj/Main.storyboardc/UIViewController-BYZ-38-t0r.nib/runtime.nib ... 
2019-04-24 05:05:07 +0000  964 bytes for ./Base.lproj/Main.storyboardc/UIViewController-BYZ-38-t0r.nib/runtime.nib
2019-04-24 05:05:07 +0000  copying file ./Base.lproj/Main.storyboardc/BYZ-38-t0r-view-8bC-Xf-vdC.nib/objects-11.0+.nib ... 
2019-04-24 05:05:07 +0000  5603 bytes for ./Base.lproj/Main.storyboardc/BYZ-38-t0r-view-8bC-Xf-vdC.nib/objects-11.0+.nib
2019-04-24 05:05:07 +0000  copying file ./Base.lproj/Main.storyboardc/BYZ-38-t0r-view-8bC-Xf-vdC.nib/runtime.nib ... 
2019-04-24 05:05:07 +0000  5736 bytes for ./Base.lproj/Main.storyboardc/BYZ-38-t0r-view-8bC-Xf-vdC.nib/runtime.nib
2019-04-24 05:05:07 +0000  copying file ./Base.lproj/Main.storyboardc/Info.plist ... 
2019-04-24 05:05:07 +0000  258 bytes for ./Base.lproj/Main.storyboardc/Info.plist
2019-04-24 05:05:07 +0000  copying file ./Assets.car ... 
2019-04-24 05:05:07 +0000  5805592 bytes for ./Assets.car
copying file ./LaunchImage-800-Portrait-736h@3x.png ... 
2019-04-24 05:05:07 +0000  2051288 bytes for ./LaunchImage-800-Portrait-736h@3x.png
copying file ./LaunchImage-1200-Portrait-1792h@2x.png ... 
1017188 bytes for ./LaunchImage-1200-Portrait-1792h@2x.png
copying file ./HitMouse_Project ... 
2675824 bytes for ./HitMouse_Project
copying file ./embedded.mobileprovision ... 
2019-04-24 05:05:07 +0000  9829 bytes for ./embedded.mobileprovision
copying file ./Info.plist ... 
1717 bytes for ./Info.plist
copying file ./PkgInfo ... 
2019-04-24 05:05:07 +0000  8 bytes for ./PkgInfo
2019-04-24 05:05:07 +0000  /usr/bin/ditto exited with 0
2019-04-24 05:05:07 +0000  Processing step: IDEDistributionEmbedProfileStep
2019-04-24 05:05:07 +0000  Processing step: IDEDistributionItemRemovalStep
2019-04-24 05:05:07 +0000  Processing step: IDEDistributionAppThinningPlistStep
2019-04-24 05:05:07 +0000  Skipping step: IDEDistributionAppThinningPlistStep because it said so
2019-04-24 05:05:07 +0000  Processing step: IDEDistributionCompileBitcodeStep
2019-04-24 05:05:07 +0000  Skipping step: IDEDistributionCompileBitcodeStep because it said so
2019-04-24 05:05:07 +0000  Processing step: IDEDistributionCodeSlimmingStep
2019-04-24 05:05:07 +0000  Processing step: IDEDistributionCopyBCSymbolMapsStep
2019-04-24 05:05:07 +0000  Processing step: IDEDistributionSymbolsStep
2019-04-24 05:05:07 +0000  Processing symbols for HitMouse_Project.app
2019-04-24 05:05:07 +0000  Running /usr/bin/rsync '-8aPhhE' '/var/folders/tc/514r2fss7_xfnqm5cxr2zgg40000gn/T/XcodeDistPipeline.iQp/Root/Payload/HitMouse_Project.app' '--link-dest' '/var/folders/tc/514r2fss7_xfnqm5cxr2zgg40000gn/T/XcodeDistPipeline.iQp/Root/Payload' '/var/folders/tc/514r2fss7_xfnqm5cxr2zgg40000gn/T/XcodeDistPipeline.iQp'
2019-04-24 05:05:07 +0000  building file list ... 
2019-04-24 05:05:07 +0000   0 files...2019-04-24 05:05:07 +0000  53 files to consider
2019-04-24 05:05:07 +0000  HitMouse_Project.app/
2019-04-24 05:05:07 +0000  HitMouse_Project.app/Base.lproj/
HitMouse_Project.app/Base.lproj/Main.storyboardc/
2019-04-24 05:05:07 +0000  HitMouse_Project.app/Base.lproj/Main.storyboardc/BYZ-38-t0r-view-8bC-Xf-vdC.nib/
HitMouse_Project.app/Base.lproj/Main.storyboardc/UIViewController-BYZ-38-t0r.nib/
HitMouse_Project.app/IQKeyboardManager.bundle/
HitMouse_Project.app/UMCommonLog.bundle/
HitMouse_Project.app/UMCommonLog.bundle/en.lproj/
HitMouse_Project.app/UMCommonLog.bundle/zh-Hans.lproj/
HitMouse_Project.app/_CodeSignature/
2019-04-24 05:05:07 +0000  
sent 1.73K bytes  received 80 bytes  3.61K bytes/sec
total size is 19.91M  speedup is 11285.48
2019-04-24 05:05:07 +0000  /usr/bin/rsync exited with 0
2019-04-24 05:05:07 +0000  Running /usr/bin/rsync '-8aPhhE' '/Users/md212/Library/Developer/Xcode/Archives/2019-04-24/HitMouse_Project 2019-4-24 下午1.03.xcarchive/dSYMs/' '--link-dest' '/Users/md212/Library/Developer/Xcode/Archives/2019-04-24/HitMouse_Project 2019-4-24 下午1.03.xcarchive/dSYMs/' '/var/folders/tc/514r2fss7_xfnqm5cxr2zgg40000gn/T/XcodeDistPipeline.iQp'
2019-04-24 05:05:07 +0000  building file list ... 
2019-04-24 05:05:07 +0000   0 files...2019-04-24 05:05:07 +0000  7 files to consider
2019-04-24 05:05:07 +0000  ./
2019-04-24 05:05:07 +0000  HitMouse_Project.app.dSYM/
2019-04-24 05:05:07 +0000  HitMouse_Project.app.dSYM/Contents/
HitMouse_Project.app.dSYM/Contents/Resources/
HitMouse_Project.app.dSYM/Contents/Resources/DWARF/
2019-04-24 05:05:07 +0000  
sent 256 bytes  received 50 bytes  612.00 bytes/sec
total size is 5.28M  speedup is 18098.18
2019-04-24 05:05:07 +0000  /usr/bin/rsync exited with 0
2019-04-24 05:05:07 +0000  Running /Applications/Xcode.app/Contents/Developer/usr/bin/symbols '-noTextInSOD' '-noDaemon' '-arch' 'all' '-symbolsPackageDir' '/var/folders/tc/514r2fss7_xfnqm5cxr2zgg40000gn/T/XcodeDistPipeline.iQp/Symbols' '/var/folders/tc/514r2fss7_xfnqm5cxr2zgg40000gn/T/XcodeDistPipeline.iQp/HitMouse_Project.app.dSYM/Contents/Resources/Dwarf/HitMouse_Project'
2019-04-24 05:05:07 +0000  /var/folders/tc/514r2fss7_xfnqm5cxr2zgg40000gn/T/XcodeDistPipeline.iQp/HitMouse_Project.app.dSYM/Contents/Resources/Dwarf/HitMouse_Project [arm64, 0.165009 seconds]:
2019-04-24 05:05:07 +0000  /Applications/Xcode.app/Contents/Developer/usr/bin/symbols exited with 0
2019-04-24 05:05:07 +0000  Processing step: IDEDistributionCopyAppleProvidedContentStep
2019-04-24 05:05:07 +0000  Processing step: IDEDistributionAppThinningStep
2019-04-24 05:05:07 +0000  Skipping step: IDEDistributionAppThinningStep because it said so
2019-04-24 05:05:07 +0000  Processing step: IDEDistributionArchThinningStep
2019-04-24 05:05:07 +0000  Running /Applications/Xcode.app/Contents/Developer/Toolchains/XcodeDefault.xctoolchain/usr/bin/lipo '/var/folders/tc/514r2fss7_xfnqm5cxr2zgg40000gn/T/XcodeDistPipeline.iQp/Root/Payload/HitMouse_Project.app/HitMouse_Project' '-verify_arch' 'arm64e'
2019-04-24 05:05:07 +0000  /Applications/Xcode.app/Contents/Developer/Toolchains/XcodeDefault.xctoolchain/usr/bin/lipo exited with 1
2019-04-24 05:05:07 +0000  Skipping architecture thinning for item "HitMouse_Project" because arch "arm64e" wasn't found
2019-04-24 05:05:07 +0000  Processing step: IDEDistributionODRStep
2019-04-24 05:05:07 +0000  Processing step: IDEDistributionStripXattrsStep
2019-04-24 05:05:07 +0000  Running /usr/bin/xattr '-crs' '/var/folders/tc/514r2fss7_xfnqm5cxr2zgg40000gn/T/XcodeDistPipeline.iQp/Root/Payload/HitMouse_Project.app'
2019-04-24 05:05:08 +0000  /usr/bin/xattr exited with 0
2019-04-24 05:05:08 +0000  Processing step: IDEDistributionCodesignStep
2019-04-24 05:05:08 +0000  Entitlements for <IDEDistributionItem: 0x7fbef2b75890 'com.UTB.hitMouse' '<DVTFilePath:0x7fbeeb378190:'/Users/md212/Library/Developer/Xcode/Archives/2019-04-24/HitMouse_Project 2019-4-24 下午1.03.xcarchive/Products/Applications/HitMouse_Project.app'>'>: {
    "application-identifier" = "94L4N4CMU8.com.UTB.hitMouse";
    "aps-environment" = production;
    "beta-reports-active" = 1;
    "com.apple.developer.team-identifier" = 94L4N4CMU8;
    "get-task-allow" = 0;
}
2019-04-24 05:05:08 +0000  Writing entitlements for <IDEDistributionItem: 0x7fbef2b75890 'com.UTB.hitMouse' '<DVTFilePath:0x7fbeeb378190:'/Users/md212/Library/Developer/Xcode/Archives/2019-04-24/HitMouse_Project 2019-4-24 下午1.03.xcarchive/Products/Applications/HitMouse_Project.app'>'> to: /var/folders/tc/514r2fss7_xfnqm5cxr2zgg40000gn/T/XcodeDistPipeline.iQp/entitlementsrxwmIO
2019-04-24 05:05:08 +0000  Running /usr/bin/codesign '-vvv' '--force' '--sign' '5E4960B703AB8C6AA944C8A32A713B5D793DB28A' '--entitlements' '/var/folders/tc/514r2fss7_xfnqm5cxr2zgg40000gn/T/XcodeDistPipeline.iQp/entitlementsrxwmIO' '--preserve-metadata=identifier,flags,runtime' '/var/folders/tc/514r2fss7_xfnqm5cxr2zgg40000gn/T/XcodeDistPipeline.iQp/Root/Payload/HitMouse_Project.app'
2019-04-24 05:05:08 +0000  /var/folders/tc/514r2fss7_xfnqm5cxr2zgg40000gn/T/XcodeDistPipeline.iQp/Root/Payload/HitMouse_Project.app: replacing existing signature
2019-04-24 05:05:08 +0000  /var/folders/tc/514r2fss7_xfnqm5cxr2zgg40000gn/T/XcodeDistPipeline.iQp/Root/Payload/HitMouse_Project.app: signed app bundle with Mach-O thin (arm64) [com.UTB.hitMouse]
2019-04-24 05:05:08 +0000  /usr/bin/codesign exited with 0
2019-04-24 05:05:08 +0000  Processing step: IDEDistributionZipODRItemStep
2019-04-24 05:05:08 +0000  Skipping step: IDEDistributionZipODRItemStep because it said so
2019-04-24 05:05:08 +0000  Processing step: IDEDistributionCreateIPAStep
2019-04-24 05:05:08 +0000  Running /usr/bin/rsync '-8aPhhE' '/var/folders/tc/514r2fss7_xfnqm5cxr2zgg40000gn/T/XcodeDistPipeline.iQp/Symbols' '--link-dest' '/var/folders/tc/514r2fss7_xfnqm5cxr2zgg40000gn/T/XcodeDistPipeline.iQp' '/var/folders/tc/514r2fss7_xfnqm5cxr2zgg40000gn/T/XcodeDistPipeline.iQp/Root'
2019-04-24 05:05:08 +0000  building file list ... 
2019-04-24 05:05:08 +0000   0 files...2019-04-24 05:05:08 +0000  2 files to consider
2019-04-24 05:05:08 +0000  Symbols/
2019-04-24 05:05:08 +0000  
sent 142 bytes  received 26 bytes  336.00 bytes/sec
2019-04-24 05:05:08 +0000  total size is 384  speedup is 2.29
2019-04-24 05:05:08 +0000  /usr/bin/rsync exited with 0
2019-04-24 05:05:08 +0000  Running /usr/bin/ditto '-V' '-c' '-k' '--norsrc' '/var/folders/tc/514r2fss7_xfnqm5cxr2zgg40000gn/T/XcodeDistPipeline.iQp/Root' '/var/folders/tc/514r2fss7_xfnqm5cxr2zgg40000gn/T/XcodeDistPipeline.iQp/Packages/HitMouse_Project.ipa'
2019-04-24 05:05:08 +0000  >>> Copying /var/folders/tc/514r2fss7_xfnqm5cxr2zgg40000gn/T/XcodeDistPipeline.iQp/Root 
2019-04-24 05:05:08 +0000  copying file ./Payload/HitMouse_Project.app/_CodeSignature/CodeResources ... 
2019-04-24 05:05:08 +0000  16355 bytes for ./Payload/HitMouse_Project.app/_CodeSignature/CodeResources
2019-04-24 05:05:08 +0000  copying file ./Payload/HitMouse_Project.app/LaunchImage-1100-Portrait-2436h@3x.png ... 
2019-04-24 05:05:08 +0000  1848493 bytes for ./Payload/HitMouse_Project.app/LaunchImage-1100-Portrait-2436h@3x.png
copying file ./Payload/HitMouse_Project.app/AppIcon20x20@2x.png ... 
2019-04-24 05:05:08 +0000  5041 bytes for ./Payload/HitMouse_Project.app/AppIcon20x20@2x.png
2019-04-24 05:05:08 +0000  copying file ./Payload/HitMouse_Project.app/AppIcon20x20@3x.png ... 
2019-04-24 05:05:08 +0000  10970 bytes for ./Payload/HitMouse_Project.app/AppIcon20x20@3x.png
2019-04-24 05:05:08 +0000  copying file ./Payload/HitMouse_Project.app/AppIcon60x60@2x.png ... 
2019-04-24 05:05:08 +0000  40790 bytes for ./Payload/HitMouse_Project.app/AppIcon60x60@2x.png
2019-04-24 05:05:08 +0000  copying file ./Payload/HitMouse_Project.app/IQKeyboardManager.bundle/IQButtonBarArrowRight@2x.png ... 
2019-04-24 05:05:08 +0000  1786 bytes for ./Payload/HitMouse_Project.app/IQKeyboardManager.bundle/IQButtonBarArrowRight@2x.png
copying file ./Payload/HitMouse_Project.app/IQKeyboardManager.bundle/IQButtonBarArrowUp@3x.png ... 
2019-04-24 05:05:08 +0000  2164 bytes for ./Payload/HitMouse_Project.app/IQKeyboardManager.bundle/IQButtonBarArrowUp@3x.png
2019-04-24 05:05:08 +0000  copying file ./Payload/HitMouse_Project.app/IQKeyboardManager.bundle/IQButtonBarArrowUp@2x.png ... 
2019-04-24 05:05:08 +0000  1769 bytes for ./Payload/HitMouse_Project.app/IQKeyboardManager.bundle/IQButtonBarArrowUp@2x.png
copying file ./Payload/HitMouse_Project.app/IQKeyboardManager.bundle/IQButtonBarArrowRight@3x.png ... 
2019-04-24 05:05:08 +0000  1844 bytes for ./Payload/HitMouse_Project.app/IQKeyboardManager.bundle/IQButtonBarArrowRight@3x.png
2019-04-24 05:05:08 +0000  copying file ./Payload/HitMouse_Project.app/IQKeyboardManager.bundle/IQButtonBarArrowLeft@3x.png ... 
2019-04-24 05:05:08 +0000  1815 bytes for ./Payload/HitMouse_Project.app/IQKeyboardManager.bundle/IQButtonBarArrowLeft@3x.png
copying file ./Payload/HitMouse_Project.app/IQKeyboardManager.bundle/IQButtonBarArrowDown@3x.png ... 
2019-04-24 05:05:08 +0000  2177 bytes for ./Payload/HitMouse_Project.app/IQKeyboardManager.bundle/IQButtonBarArrowDown@3x.png
2019-04-24 05:05:08 +0000  copying file ./Payload/HitMouse_Project.app/IQKeyboardManager.bundle/IQButtonBarArrowDown@2x.png ... 
2019-04-24 05:05:08 +0000  1764 bytes for ./Payload/HitMouse_Project.app/IQKeyboardManager.bundle/IQButtonBarArrowDown@2x.png
copying file ./Payload/HitMouse_Project.app/IQKeyboardManager.bundle/IQButtonBarArrowLeft@2x.png ... 
2019-04-24 05:05:08 +0000  1793 bytes for ./Payload/HitMouse_Project.app/IQKeyboardManager.bundle/IQButtonBarArrowLeft@2x.png
2019-04-24 05:05:08 +0000  copying file ./Payload/HitMouse_Project.app/AppIcon29x29@2x.png ... 
2019-04-24 05:05:08 +0000  10326 bytes for ./Payload/HitMouse_Project.app/AppIcon29x29@2x.png
2019-04-24 05:05:08 +0000  copying file ./Payload/HitMouse_Project.app/bgMusic.MP3 ... 
2019-04-24 05:05:08 +0000  4126334 bytes for ./Payload/HitMouse_Project.app/bgMusic.MP3
2019-04-24 05:05:08 +0000  copying file ./Payload/HitMouse_Project.app/sel.m4a ... 
15851 bytes for ./Payload/HitMouse_Project.app/sel.m4a
copying file ./Payload/HitMouse_Project.app/LaunchImage-800-667h@2x.png ... 
2019-04-24 05:05:08 +0000  833311 bytes for ./Payload/HitMouse_Project.app/LaunchImage-800-667h@2x.png
2019-04-24 05:05:08 +0000  copying file ./Payload/HitMouse_Project.app/AppIcon40x40@3x.png ... 
2019-04-24 05:05:08 +0000  40790 bytes for ./Payload/HitMouse_Project.app/AppIcon40x40@3x.png
2019-04-24 05:05:08 +0000  copying file ./Payload/HitMouse_Project.app/AppIcon40x40@2x.png ... 
2019-04-24 05:05:08 +0000  19027 bytes for ./Payload/HitMouse_Project.app/AppIcon40x40@2x.png
2019-04-24 05:05:08 +0000  copying file ./Payload/HitMouse_Project.app/AVOSCloud_Art.inc ... 
2019-04-24 05:05:08 +0000  2191 bytes for ./Payload/HitMouse_Project.app/AVOSCloud_Art.inc
copying file ./Payload/HitMouse_Project.app/LaunchImage-1200-Portrait-2688h@3x.png ... 
2019-04-24 05:05:09 +0000  2138100 bytes for ./Payload/HitMouse_Project.app/LaunchImage-1200-Portrait-2688h@3x.png
copying file ./Payload/HitMouse_Project.app/AppIcon29x29@3x.png ... 
2019-04-24 05:05:09 +0000  22241 bytes for ./Payload/HitMouse_Project.app/AppIcon29x29@3x.png
2019-04-24 05:05:09 +0000  copying file ./Payload/HitMouse_Project.app/UMCommonLog.bundle/zh-Hans.lproj/UMPushLog.strings ... 
2019-04-24 05:05:09 +0000  3291 bytes for ./Payload/HitMouse_Project.app/UMCommonLog.bundle/zh-Hans.lproj/UMPushLog.strings
2019-04-24 05:05:09 +0000  copying file ./Payload/HitMouse_Project.app/UMCommonLog.bundle/zh-Hans.lproj/UMCommonLog.strings ... 
2019-04-24 05:05:09 +0000  4528 bytes for ./Payload/HitMouse_Project.app/UMCommonLog.bundle/zh-Hans.lproj/UMCommonLog.strings
copying file ./Payload/HitMouse_Project.app/UMCommonLog.bundle/zh-Hans.lproj/UMAnalyticsLog.strings ... 
2019-04-24 05:05:09 +0000  11555 bytes for ./Payload/HitMouse_Project.app/UMCommonLog.bundle/zh-Hans.lproj/UMAnalyticsLog.strings
2019-04-24 05:05:09 +0000  copying file ./Payload/HitMouse_Project.app/UMCommonLog.bundle/zh-Hans.lproj/UMSocialPromptLocalizable.strings ... 
2019-04-24 05:05:09 +0000  13717 bytes for ./Payload/HitMouse_Project.app/UMCommonLog.bundle/zh-Hans.lproj/UMSocialPromptLocalizable.strings
2019-04-24 05:05:09 +0000  copying file ./Payload/HitMouse_Project.app/UMCommonLog.bundle/en.lproj/UMPushLog.strings ... 
2019-04-24 05:05:09 +0000  3291 bytes for ./Payload/HitMouse_Project.app/UMCommonLog.bundle/en.lproj/UMPushLog.strings
2019-04-24 05:05:09 +0000  copying file ./Payload/HitMouse_Project.app/UMCommonLog.bundle/en.lproj/UMCommonLog.strings ... 
2019-04-24 05:05:09 +0000  4531 bytes for ./Payload/HitMouse_Project.app/UMCommonLog.bundle/en.lproj/UMCommonLog.strings
copying file ./Payload/HitMouse_Project.app/UMCommonLog.bundle/en.lproj/UMAnalyticsLog.strings ... 
2019-04-24 05:05:09 +0000  14454 bytes for ./Payload/HitMouse_Project.app/UMCommonLog.bundle/en.lproj/UMAnalyticsLog.strings
2019-04-24 05:05:09 +0000  copying file ./Payload/HitMouse_Project.app/UMCommonLog.bundle/en.lproj/UMSocialPromptLocalizable.strings ... 
2019-04-24 05:05:09 +0000  13717 bytes for ./Payload/HitMouse_Project.app/UMCommonLog.bundle/en.lproj/UMSocialPromptLocalizable.strings
2019-04-24 05:05:09 +0000  copying file ./Payload/HitMouse_Project.app/AppIcon60x60@3x.png ... 
2019-04-24 05:05:09 +0000  87525 bytes for ./Payload/HitMouse_Project.app/AppIcon60x60@3x.png
2019-04-24 05:05:09 +0000  copying file ./Payload/HitMouse_Project.app/Base.lproj/Main.storyboardc/UIViewController-BYZ-38-t0r.nib/objects-11.0+.nib ... 
2019-04-24 05:05:09 +0000  964 bytes for ./Payload/HitMouse_Project.app/Base.lproj/Main.storyboardc/UIViewController-BYZ-38-t0r.nib/objects-11.0+.nib
copying file ./Payload/HitMouse_Project.app/Base.lproj/Main.storyboardc/UIViewController-BYZ-38-t0r.nib/runtime.nib ... 
2019-04-24 05:05:09 +0000  964 bytes for ./Payload/HitMouse_Project.app/Base.lproj/Main.storyboardc/UIViewController-BYZ-38-t0r.nib/runtime.nib
2019-04-24 05:05:09 +0000  copying file ./Payload/HitMouse_Project.app/Base.lproj/Main.storyboardc/BYZ-38-t0r-view-8bC-Xf-vdC.nib/objects-11.0+.nib ... 
2019-04-24 05:05:09 +0000  5603 bytes for ./Payload/HitMouse_Project.app/Base.lproj/Main.storyboardc/BYZ-38-t0r-view-8bC-Xf-vdC.nib/objects-11.0+.nib
2019-04-24 05:05:09 +0000  copying file ./Payload/HitMouse_Project.app/Base.lproj/Main.storyboardc/BYZ-38-t0r-view-8bC-Xf-vdC.nib/runtime.nib ... 
2019-04-24 05:05:09 +0000  5736 bytes for ./Payload/HitMouse_Project.app/Base.lproj/Main.storyboardc/BYZ-38-t0r-view-8bC-Xf-vdC.nib/runtime.nib
2019-04-24 05:05:09 +0000  copying file ./Payload/HitMouse_Project.app/Base.lproj/Main.storyboardc/Info.plist ... 
2019-04-24 05:05:09 +0000  258 bytes for ./Payload/HitMouse_Project.app/Base.lproj/Main.storyboardc/Info.plist
2019-04-24 05:05:09 +0000  copying file ./Payload/HitMouse_Project.app/Assets.car ... 
2019-04-24 05:05:09 +0000  5805592 bytes for ./Payload/HitMouse_Project.app/Assets.car
2019-04-24 05:05:09 +0000  copying file ./Payload/HitMouse_Project.app/LaunchImage-800-Portrait-736h@3x.png ... 
2019-04-24 05:05:09 +0000  2051288 bytes for ./Payload/HitMouse_Project.app/LaunchImage-800-Portrait-736h@3x.png
copying file ./Payload/HitMouse_Project.app/LaunchImage-1200-Portrait-1792h@2x.png ... 
2019-04-24 05:05:09 +0000  1017188 bytes for ./Payload/HitMouse_Project.app/LaunchImage-1200-Portrait-1792h@2x.png
copying file ./Payload/HitMouse_Project.app/HitMouse_Project ... 
2019-04-24 05:05:09 +0000  2675872 bytes for ./Payload/HitMouse_Project.app/HitMouse_Project
copying file ./Payload/HitMouse_Project.app/embedded.mobileprovision ... 
2019-04-24 05:05:09 +0000  11460 bytes for ./Payload/HitMouse_Project.app/embedded.mobileprovision
copying file ./Payload/HitMouse_Project.app/Info.plist ... 
1717 bytes for ./Payload/HitMouse_Project.app/Info.plist
copying file ./Payload/HitMouse_Project.app/PkgInfo ... 
8 bytes for ./Payload/HitMouse_Project.app/PkgInfo
copying file ./Symbols/4B04FDFE-A627-387F-A3ED-5465B5A18CB6.symbols ... 
384 bytes for ./Symbols/4B04FDFE-A627-387F-A3ED-5465B5A18CB6.symbols
2019-04-24 05:05:09 +0000  /usr/bin/ditto exited with 0
2019-04-24 05:05:09 +0000  Processing step: IDEDistributionAppStoreInformationStep
2019-04-24 05:05:09 +0000  Skipping step: IDEDistributionAppStoreInformationStep because it said so
2019-04-24 05:05:09 +0000  Processing step: IDEDistributionCreateManifestStep
2019-04-24 05:05:09 +0000  Skipping step: IDEDistributionCreateManifestStep because it said so
